\BOOKMARK [0][-]{section*.1}{\376\377\000R\000e\000s\000u\000m\000e\000n}{}% 1
\BOOKMARK [0][-]{chapter.7}{\376\377\000\040\000I\000n\000t\000r\000o\000d\000u\000c\000c\000i\000\363\000n\000\040\000G\000e\000n\000e\000r\000a\000l\000\040}{}% 2
\BOOKMARK [1][-]{section.8}{\376\377\000\040\000C\000a\000s\000o\000\040\000d\000e\000\040\000E\000s\000t\000u\000d\000i\000o\000\040}{chapter.7}% 3
\BOOKMARK [1][-]{section.9}{\376\377\000\040\000N\000e\000c\000e\000s\000i\000d\000a\000d\000\040\000y\000\040\000m\000o\000t\000i\000v\000a\000c\000i\000\363\000n\000\040}{chapter.7}% 4
\BOOKMARK [1][-]{section.13}{\376\377\000\040\000O\000b\000j\000e\000t\000i\000v\000o\000\040}{chapter.7}% 5
\BOOKMARK [1][-]{section.14}{\376\377\000\040\000A\000l\000c\000a\000n\000c\000e\000\040}{chapter.7}% 6
\BOOKMARK [0][-]{chapter.22}{\376\377\000\040\000I\000n\000t\000r\000o\000d\000u\000c\000c\000i\000\363\000n\000\040\000E\000s\000p\000e\000c\000\355\000f\000i\000c\000a\000\040}{}% 7
\BOOKMARK [1][-]{section.23}{\376\377\000\040\000G\000a\000l\000v\000a\000n\000i\000z\000a\000d\000o\000\040\000d\000e\000\040\000c\000i\000r\000c\000u\000i\000t\000o\000s\000\040\000i\000m\000p\000r\000e\000s\000o\000s\000\040}{chapter.22}% 8
\BOOKMARK [2][-]{subsection.27}{\376\377\000\040\000P\000r\000o\000c\000e\000s\000o\000\040\000d\000e\000\040\000g\000a\000l\000v\000a\000n\000i\000z\000a\000d\000o\000\040\000p\000o\000r\000\040\000e\000l\000e\000c\000t\000r\000\363\000l\000i\000s\000i\000s\000\040}{section.23}% 9
\BOOKMARK [1][-]{section.32}{\376\377\000\040\000P\000a\000r\000\341\000m\000e\000t\000r\000o\000s\000\040\000c\000r\000\355\000t\000i\000c\000o\000s\000\040\000d\000e\000l\000\040\000g\000a\000l\000v\000a\000n\000i\000z\000a\000d\000o\000\040}{chapter.22}% 10
\BOOKMARK [2][-]{subsection.33}{\376\377\000\040\000F\000a\000l\000l\000a\000s\000\040\000e\000n\000\040\000e\000l\000\040\000g\000a\000l\000v\000a\000n\000i\000z\000a\000d\000o\000\040\000d\000e\000\040\000P\000C\000B\000s\000\040}{section.32}% 11
\BOOKMARK [1][-]{section.36}{\376\377\000\040\000D\000e\000t\000e\000r\000m\000i\000n\000a\000c\000i\000\363\000n\000\040\000d\000e\000\040\000l\000a\000\040\000s\000o\000l\000u\000c\000i\000\363\000n\000\040\000a\000\040\000u\000t\000i\000l\000i\000z\000a\000r\000\040}{chapter.22}% 12
\BOOKMARK [2][-]{subsection.37}{\376\377\000\040\000D\000e\000f\000i\000n\000i\000c\000i\000o\000n\000e\000s\000\040\000G\000e\000n\000e\000r\000a\000l\000e\000s\000\040}{section.36}% 13
\BOOKMARK [2][-]{subsection.39}{\376\377\000\040\000C\000a\000s\000o\000s\000\040\000d\000e\000\040\000U\000s\000o\000\040}{section.36}% 14
\BOOKMARK [2][-]{subsection.46}{\376\377\000\040\000R\000e\000q\000u\000e\000r\000i\000m\000i\000e\000n\000t\000o\000s\000\040\000f\000u\000n\000c\000i\000o\000n\000a\000l\000e\000s\000\040\000y\000\040\000n\000o\000\040\000f\000u\000n\000c\000i\000o\000n\000a\000l\000e\000s\000\040}{section.36}% 15
\BOOKMARK [0][-]{chapter.109}{\376\377\000D\000i\000s\000e\000\361\000o\000\040\000e\000\040\000I\000m\000p\000l\000e\000m\000e\000n\000t\000a\000c\000i\000\363\000n}{}% 16
\BOOKMARK [1][-]{section.110}{\376\377\000A\000n\000\341\000l\000i\000s\000i\000s\000\040\000d\000e\000l\000\040\000H\000a\000r\000d\000w\000a\000r\000e}{chapter.109}% 17
\BOOKMARK [2][-]{subsection.111}{\376\377\000\040\000S\000e\000n\000s\000o\000r\000e\000s\000\040\000y\000\040\000a\000c\000t\000u\000a\000d\000o\000r\000e\000s\000\040}{section.110}% 18
\BOOKMARK [2][-]{subsection.115}{\376\377\000\040\000C\000o\000n\000e\000x\000i\000\363\000n\000\040\000a\000l\000\040\000"\000p\000o\000n\000c\000h\000o\000"\000\040\000d\000i\000s\000e\000\361\000a\000d\000o\000\040}{section.110}% 19
\BOOKMARK [1][-]{section.120}{\376\377\000\040\000A\000r\000q\000u\000i\000t\000e\000c\000t\000u\000r\000a\000\040\000d\000e\000l\000\040\000S\000o\000f\000t\000w\000a\000r\000e\000\040}{chapter.109}% 20
\BOOKMARK [2][-]{subsection.125}{\376\377\000\040\000C\000a\000p\000a\000s\000\040\000d\000e\000\040\000a\000b\000s\000t\000r\000a\000c\000c\000i\000\363\000n\000\040}{section.120}% 21
\BOOKMARK [2][-]{subsection.127}{\376\377\000\040\000D\000i\000s\000e\000\361\000o\000\040}{section.120}% 22
\BOOKMARK [1][-]{section.129}{\376\377\000\040\000S\000i\000s\000t\000e\000m\000a\000s\000\040\000c\000o\000n\000t\000r\000o\000l\000\040\000d\000e\000\040\000e\000n\000t\000r\000a\000d\000a\000s\000\040}{chapter.109}% 23
\BOOKMARK [1][-]{section.131}{\376\377\000\040\000S\000i\000s\000t\000e\000m\000a\000s\000\040\000c\000o\000n\000t\000r\000o\000l\000\040\000d\000e\000\040\000s\000a\000l\000i\000d\000a\000s\000\040}{chapter.109}% 24
\BOOKMARK [1][-]{section.133}{\376\377\000\040\000S\000i\000s\000t\000e\000m\000a\000s\000\040\000c\000o\000n\000t\000r\000o\000l\000\040\000d\000e\000\040\000t\000e\000r\000m\000i\000n\000a\000l\000-\000S\000h\000e\000l\000l\000\040}{chapter.109}% 25
\BOOKMARK [1][-]{section.136}{\376\377\000\040\000S\000i\000s\000t\000e\000m\000a\000s\000\040\000g\000e\000s\000t\000i\000\363\000n\000\040\000d\000e\000\040\000d\000a\000t\000o\000s\000\040}{chapter.109}% 26
\BOOKMARK [0][-]{chapter.138}{\376\377\000E\000n\000s\000a\000y\000o\000s\000\040\000y\000\040\000R\000e\000s\000u\000l\000t\000a\000d\000o\000s}{}% 27
\BOOKMARK [1][-]{section.139}{\376\377\000\040\000P\000r\000u\000e\000b\000a\000s\000\040\000f\000u\000n\000c\000i\000o\000n\000a\000l\000e\000s\000\040\000d\000e\000l\000\040\000f\000i\000r\000m\000w\000a\000r\000e\000\040}{chapter.138}% 28
\BOOKMARK [2][-]{subsection.143}{\376\377\000\040\000P\000r\000u\000e\000b\000a\000s\000\040\000u\000n\000i\000t\000a\000r\000i\000a\000s\000\040}{section.139}% 29
\BOOKMARK [1][-]{section.148}{\376\377\000\040\000E\000n\000s\000a\000y\000o\000s\000\040\000d\000e\000\040\000v\000a\000l\000i\000d\000a\000c\000i\000\363\000n\000\040\000h\000a\000r\000d\000w\000a\000r\000e\000\040}{chapter.138}% 30
\BOOKMARK [2][-]{subsection.150}{\376\377\000\040\000P\000r\000u\000e\000b\000a\000s\000\040\000d\000e\000\040\000i\000n\000t\000e\000r\000f\000a\000z\000\040}{section.148}% 31
\BOOKMARK [1][-]{section.152}{\376\377\000\040\000E\000n\000s\000a\000y\000o\000s\000\040\000d\000e\000\040\000i\000n\000t\000e\000g\000r\000a\000c\000i\000\363\000n\000\040}{chapter.138}% 32
\BOOKMARK [2][-]{subsection.153}{\376\377\000\040\000V\000a\000l\000i\000d\000a\000c\000i\000\363\000n\000\040\000d\000e\000\040\000r\000e\000q\000u\000e\000r\000i\000m\000i\000e\000n\000t\000o\000s\000\040}{section.152}% 33
\BOOKMARK [2][-]{subsection.155}{\376\377\000\040\000P\000r\000u\000e\000b\000a\000s\000\040\000d\000e\000\040\000r\000e\000n\000d\000i\000m\000i\000e\000n\000t\000o\000\040}{section.152}% 34
\BOOKMARK [0][-]{chapter.157}{\376\377\000\040\000C\000o\000n\000c\000l\000u\000s\000i\000o\000n\000e\000s\000\040}{}% 35
\BOOKMARK [1][-]{section.158}{\376\377\000\040\000C\000o\000n\000c\000l\000u\000s\000i\000o\000n\000e\000s\000\040\000g\000e\000n\000e\000r\000a\000l\000e\000s\000\040}{chapter.157}% 36
\BOOKMARK [2][-]{subsection.159}{\376\377\000\040\000H\000a\000r\000d\000w\000a\000r\000e\000\040\000d\000e\000l\000\040\000p\000r\000o\000t\000o\000t\000i\000p\000o\000\040}{section.158}% 37
\BOOKMARK [2][-]{subsection.160}{\376\377\000\040\000F\000i\000r\000m\000w\000a\000r\000e\000\040\000d\000e\000l\000\040\000p\000r\000o\000t\000o\000t\000i\000p\000o\000\040}{section.158}% 38
\BOOKMARK [2][-]{subsection.161}{\376\377\000\040\000P\000r\000o\000c\000e\000s\000o\000\040\000d\000e\000\040\000d\000e\000s\000a\000r\000r\000o\000l\000l\000o\000\040}{section.158}% 39
\BOOKMARK [1][-]{section.162}{\376\377\000\040\000P\000r\000\363\000x\000i\000m\000o\000s\000\040\000p\000a\000s\000o\000s\000\040}{chapter.157}% 40
\BOOKMARK [0][-]{appendix.163}{\376\377\000C\000a\000s\000o\000s\000\040\000d\000e\000\040\000U\000s\000o}{}% 41
\BOOKMARK [0][-]{appendix.167}{\376\377\000E\000s\000q\000u\000e\000m\000\341\000t\000i\000c\000o\000s}{}% 42
\BOOKMARK [0][-]{appendix*.172}{\376\377\000B\000i\000b\000l\000i\000o\000g\000r\000a\000f\000\355\000a}{}% 43
